<?xml version="1.0" encoding="UTF-8"?>
<!-- Generated by org.testng.reporters.JUnitXMLReporter -->
<testsuite ignored="0" hostname="Anil" failures="0" tests="10" name="Test" time="90.92" errors="0" timestamp="2024-07-20T12:01:34 IST">
  <testcase classname="bikes.rebook" name="bat" time="6.288"/>
  <testcase classname="bikes.rebook" name="shoes" time="7.892"/>
  <testcase classname="bikes.tvs" name="m1" time="11.617"/>
  <testcase classname="bikes.tvs" name="m1" time="12.463"/>
  <testcase classname="bikes.tvs" name="m1" time="9.418"/>
  <testcase classname="bikes.company" name="m1" time="37.361"/>
  <testcase classname="bikes.company" name="m1" time="38.198"/>
  <testcase classname="bikes.honda" name="m1" time="7.296"/>
  <testcase classname="bikes.hero" name="m1" time="9.347"/>
  <testcase classname="bikes.hero" name="m1" time="10.007"/>
</testsuite> <!-- Test -->
