<?xml version="1.0" encoding="UTF-8"?>
<!-- Generated by org.testng.reporters.JUnitXMLReporter -->
<testsuite ignored="0" hostname="Anil" failures="0" tests="10" name="Test1" time="79.001" errors="0" timestamp="2024-07-11T11:39:02 IST">
  <testcase classname="bikes.rebook" name="bat" time="3.735"/>
  <testcase classname="bikes.rebook" name="shoes" time="5.114"/>
  <testcase classname="bikes.tvs" name="m1" time="10.66"/>
  <testcase classname="bikes.tvs" name="m1" time="12.453"/>
  <testcase classname="bikes.tvs" name="m1" time="15.244"/>
  <testcase classname="bikes.company" name="m1" time="31.552"/>
  <testcase classname="bikes.company" name="m1" time="31.631"/>
  <testcase classname="bikes.hero" name="m1" time="6.235"/>
  <testcase classname="bikes.hero" name="m1" time="6.304"/>
  <testcase classname="bikes.honda" name="m1" time="6.29"/>
</testsuite> <!-- Test1 -->
